[01:21:01] [main/INFO]: Environment: authHost='https://authserver.mojang.com', accountsHost='https://api.mojang.com', sessionHost='https://sessionserver.mojang.com', servicesHost='https://api.minecraftservices.com', name='PROD'
[01:21:01] [main/WARN]: Ambiguity between arguments [teleport, destination] and [teleport, targets] with inputs: [Player, 0123, @e, dd12be42-52a9-4a91-a8a1-11c01849e498]
[01:21:01] [main/WARN]: Ambiguity between arguments [teleport, location] and [teleport, destination] with inputs: [0.1 -0.5 .9, 0 0 0]
[01:21:01] [main/WARN]: Ambiguity between arguments [teleport, location] and [teleport, targets] with inputs: [0.1 -0.5 .9, 0 0 0]
[01:21:01] [main/WARN]: Ambiguity between arguments [teleport, targets] and [teleport, destination] with inputs: [Player, 0123, dd12be42-52a9-4a91-a8a1-11c01849e498]
[01:21:01] [main/WARN]: Ambiguity between arguments [teleport, targets, location] and [teleport, targets, destination] with inputs: [0.1 -0.5 .9, 0 0 0]
[01:21:01] [main/INFO]: Reloading ResourceManager: Default
[01:21:02] [Worker-Main-4/INFO]: Loaded 7 recipes
[01:21:03] [Worker-Main-4/INFO]: Loaded 927 advancements
[01:21:05] [Server thread/INFO]: Starting minecraft server version 1.16.5
[01:21:05] [Server thread/INFO]: Loading properties
[01:21:05] [Server thread/INFO]: Default game type: SURVIVAL
[01:21:05] [Server thread/INFO]: Generating keypair
[01:21:05] [Server thread/INFO]: Starting Minecraft server on *:25565
[01:21:05] [Server thread/INFO]: Using epoll channel type
[01:21:06] [Server thread/WARN]: **** SERVER IS RUNNING IN OFFLINE/INSECURE MODE!
[01:21:06] [Server thread/WARN]: The server will make no attempt to authenticate usernames. Beware.
[01:21:06] [Server thread/WARN]: While this makes the game possible to play without internet access, it also opens up the ability for hackers to connect with any username they choose.
[01:21:06] [Server thread/WARN]: To change this, set "online-mode" to "true" in the server.properties file.
[01:21:06] [Server thread/INFO]: Preparing level "world"
[01:21:06] [Server thread/WARN]: Unable to find spawn biome
[01:21:10] [Server thread/INFO]: Preparing start region for dimension minecraft:overworld
[01:21:11] [Worker-Main-4/INFO]: Preparing spawn area: 0%
[01:21:11] [Worker-Main-4/INFO]: Preparing spawn area: 0%
[01:21:11] [Worker-Main-5/INFO]: Preparing spawn area: 0%
[01:21:12] [Worker-Main-5/INFO]: Preparing spawn area: 0%
[01:21:12] [Worker-Main-4/INFO]: Preparing spawn area: 0%
[01:21:13] [Worker-Main-4/INFO]: Preparing spawn area: 0%
[01:21:13] [Worker-Main-5/INFO]: Preparing spawn area: 0%
[01:21:14] [Worker-Main-5/INFO]: Preparing spawn area: 0%
[01:21:14] [Worker-Main-4/INFO]: Preparing spawn area: 1%
[01:21:15] [Worker-Main-4/INFO]: Preparing spawn area: 2%
[01:21:15] [Worker-Main-6/INFO]: Preparing spawn area: 3%
[01:21:16] [Worker-Main-5/INFO]: Preparing spawn area: 5%
[01:21:16] [Worker-Main-6/INFO]: Preparing spawn area: 6%
[01:21:17] [Worker-Main-6/INFO]: Preparing spawn area: 9%
[01:21:17] [Worker-Main-4/INFO]: Preparing spawn area: 10%
[01:21:18] [Worker-Main-5/INFO]: Preparing spawn area: 13%
[01:21:18] [Worker-Main-4/INFO]: Preparing spawn area: 15%
[01:21:19] [Worker-Main-4/INFO]: Preparing spawn area: 17%
[01:21:19] [Worker-Main-4/INFO]: Preparing spawn area: 17%
[01:21:20] [Worker-Main-4/INFO]: Preparing spawn area: 17%
[01:21:21] [Worker-Main-5/INFO]: Preparing spawn area: 21%
[01:21:21] [Worker-Main-4/INFO]: Preparing spawn area: 21%
[01:21:21] [Worker-Main-4/INFO]: Preparing spawn area: 21%
[01:21:22] [Worker-Main-6/INFO]: Preparing spawn area: 27%
[01:21:23] [Worker-Main-5/INFO]: Preparing spawn area: 27%
[01:21:23] [Worker-Main-5/INFO]: Preparing spawn area: 27%
[01:21:23] [Worker-Main-6/INFO]: Preparing spawn area: 36%
[01:21:24] [Worker-Main-5/INFO]: Preparing spawn area: 37%
[01:21:24] [Worker-Main-6/INFO]: Preparing spawn area: 37%
[01:21:25] [Worker-Main-6/INFO]: Preparing spawn area: 43%
[01:21:25] [Worker-Main-5/INFO]: Preparing spawn area: 43%
[01:21:26] [Worker-Main-6/INFO]: Preparing spawn area: 49%
[01:21:26] [Worker-Main-5/INFO]: Preparing spawn area: 49%
[01:21:27] [Worker-Main-6/INFO]: Preparing spawn area: 55%
[01:21:27] [Worker-Main-5/INFO]: Preparing spawn area: 55%
[01:21:28] [Worker-Main-6/INFO]: Preparing spawn area: 59%
[01:21:28] [Worker-Main-6/INFO]: Preparing spawn area: 59%
[01:21:29] [Worker-Main-6/INFO]: Preparing spawn area: 59%
[01:21:30] [Worker-Main-4/INFO]: Preparing spawn area: 59%
[01:21:30] [Worker-Main-4/INFO]: Preparing spawn area: 59%
[01:21:31] [Worker-Main-5/INFO]: Preparing spawn area: 73%
[01:21:31] [Worker-Main-5/INFO]: Preparing spawn area: 73%
[01:21:31] [Worker-Main-4/INFO]: Preparing spawn area: 73%
[01:21:33] [Worker-Main-5/INFO]: Preparing spawn area: 85%
[01:21:33] [Worker-Main-4/INFO]: Preparing spawn area: 85%
[01:21:33] [Worker-Main-4/INFO]: Preparing spawn area: 85%
[01:21:33] [Worker-Main-4/INFO]: Preparing spawn area: 85%
[01:21:34] [Server thread/INFO]: Time elapsed: 23047 ms
[01:21:34] [Server thread/INFO]: Done (27.932s)! For help, type "help"
[01:22:45] [Server thread/INFO]: Robinson123y[/127.125.158.124:37887] logged in with entity id 236 at (7.5, 63.0, 8.5)
[01:22:45] [Server thread/INFO]: Robinson123y joined the game
[01:23:33] [Server thread/INFO]: <Robinson123y> st-humidity.gl.joinmc.link
[01:40:39] [Server thread/INFO]: GATOHACKER12_[/127.45.209.209:50675] logged in with entity id 2334 at (7.5, 63.0, 5.5)
[01:40:39] [Server thread/INFO]: GATOHACKER12_ joined the game
[01:40:39] [Server thread/INFO]: GATOHACKER12_ lost connection: Disconnected
[01:40:39] [Server thread/INFO]: GATOHACKER12_ left the game
[01:40:43] [Server thread/INFO]: <Robinson123y> gg
[01:40:56] [Server thread/INFO]: GATOHACKER12_[/127.45.209.209:42029] logged in with entity id 2388 at (7.5, 63.0, 5.5)
[01:40:56] [Server thread/INFO]: GATOHACKER12_ joined the game
[01:41:48] [Server thread/INFO]: <Robinson123y> no va tan fluido como antes
[01:41:52] [Server thread/INFO]: <Robinson123y> pero algo es algo
[01:41:57] [Server thread/INFO]: <GATOHACKER12_> igual ta vien
[01:41:59] [Server thread/INFO]: <GATOHACKER12_> vien
[01:42:03] [Server thread/INFO]: <Robinson123y> bien
[01:42:05] [Server thread/WARN]: Mismatch in destroy block pos: fx{x=34, y=64, z=14} fx{x=35, y=62, z=15}
[01:42:06] [Server thread/INFO]: <GATOHACKER12_> vien
[01:42:29] [Server thread/INFO]: Robinson123y has made the advancement [Stone Age]
[01:42:35] [Server thread/INFO]: Robinson123y has made the advancement [Getting an Upgrade]
[01:42:39] [Server thread/INFO]: <GATOHACKER12_> arita vuelvo
[01:42:40] [Server thread/INFO]: GATOHACKER12_ lost connection: Disconnected
[01:42:40] [Server thread/INFO]: GATOHACKER12_ left the game
[01:44:18] [Server thread/INFO]: Robinson123y has made the advancement [Acquire Hardware]
[01:46:37] [Server thread/INFO]: Robinson123y has made the advancement [Isn't It Iron Pick]
